The target system is: Generic - 3.2.99 - arm
The host system is: Windows - 10.0.26100 - AMD64
Compiling the C compiler identification source file "CMakeCCompilerId.c" succeeded.
Compiler: C:/ncs/toolchains/0b393f9e1b/opt/zephyr-sdk/arm-zephyr-eabi/bin/arm-zephyr-eabi-gcc.exe 
Build flags: 
Id flags: -c 

The output was:
0


Compilation of the C compiler identification source "CMakeCCompilerId.c" produced "CMakeCCompilerId.o"

The C compiler identification is GNU, found in "C:/MPHome/1_Project/09_CustomPrj/NORAB106_BT_HeartRate/build/CMakeFiles/3.21.0/CompilerIdC/CMakeCCompilerId.o"

Compiling the CXX compiler identification source file "CMakeCXXCompilerId.cpp" succeeded.
Compiler: C:/ncs/toolchains/0b393f9e1b/opt/zephyr-sdk/arm-zephyr-eabi/bin/arm-zephyr-eabi-gcc.exe 
Build flags: 
Id flags: -c 

The output was:
0


Compilation of the CXX compiler identification source "CMakeCXXCompilerId.cpp" produced "CMakeCXXCompilerId.o"

The CXX compiler identification is GNU, found in "C:/MPHome/1_Project/09_CustomPrj/NORAB106_BT_HeartRate/build/CMakeFiles/3.21.0/CompilerIdCXX/CMakeCXXCompilerId.o"

Checking whether the ASM compiler is GNU using "--version" matched "(GNU assembler)|(GCC)|(Free Software Foundation)":
arm-zephyr-eabi-gcc.exe (Zephyr SDK 0.17.0) 12.2.0
Copyright (C) 2022 Free Software Foundation, Inc.
This is free software; see the source for copying conditions.  There is NO
warranty; not even for MERCHANTABILITY or FITNESS FOR A PARTICULAR PURPOSE.

Performing C SOURCE FILE Test check_fmacro_prefix_map_C__MPHome_1_Project_09_CustomPrj_NORAB106_BT_HeartRate_CMAKE_SOURCE_DIR_C__nostartfiles__nostdlib__isystem__c__ncs_toolchains_0b393f9e1b_opt_zephyr_sdk_arm_zephyr_eabi_bin____lib_gcc_arm_zephyr_eabi_12_2_0_include___isystem__c__ncs_toolchains_0b393f9e1b_opt_zephyr_sdk_arm_zephyr_eabi_bin____lib_gcc_arm_zephyr_eabi_12_2_0_include_fixed___Wl___unresolved_symbols_ignore_in_object_files__Wl___entry_0 succeeded with the following output:
Change Dir: C:/MPHome/1_Project/09_CustomPrj/NORAB106_BT_HeartRate/build/CMakeFiles/CMakeTmp

Run Build Command(s):C:/ncs/toolchains/0b393f9e1b/opt/bin/ninja.exe cmTC_987c0 && [1/2] Building C object CMakeFiles/cmTC_987c0.dir/src.c.obj
[2/2] Linking C executable cmTC_987c0


Source file was:
int main(void) { return 0; }
Determining if files stdatomic.h exist passed with the following output:
Change Dir: C:/MPHome/1_Project/09_CustomPrj/NORAB106_BT_HeartRate/build/CMakeFiles/CMakeTmp

Run Build Command(s):C:/ncs/toolchains/0b393f9e1b/opt/bin/ninja.exe cmTC_a6845 && [1/2] Building C object CMakeFiles/cmTC_a6845.dir/HAVE_STDATOMIC_H.c.obj
[2/2] Linking C executable cmTC_a6845
arm-zephyr-eabi-gcc.exe: warning: CMakeFiles/cmTC_a6845.dir/HAVE_STDATOMIC_H.c.obj: linker input file unused because linking not done



Determining if files fcntl.h exist passed with the following output:
Change Dir: C:/MPHome/1_Project/09_CustomPrj/NORAB106_BT_HeartRate/build/CMakeFiles/CMakeTmp

Run Build Command(s):C:/ncs/toolchains/0b393f9e1b/opt/bin/ninja.exe cmTC_69c37 && [1/2] Building C object CMakeFiles/cmTC_69c37.dir/HAVE_FCNTL_H.c.obj
[2/2] Linking C executable cmTC_69c37
arm-zephyr-eabi-gcc.exe: warning: CMakeFiles/cmTC_69c37.dir/HAVE_FCNTL_H.c.obj: linker input file unused because linking not done



Performing C SOURCE FILE Test check_fmacro_prefix_map_C__MPHome_1_Project_09_CustomPrj_NORAB106_BT_HeartRate_CMAKE_SOURCE_DIR_C__c__nostartfiles__nostdlib__isystem__c__ncs_toolchains_0b393f9e1b_opt_zephyr_sdk_arm_zephyr_eabi_bin____lib_gcc_arm_zephyr_eabi_12_2_0_include___isystem__c__ncs_toolchains_0b393f9e1b_opt_zephyr_sdk_arm_zephyr_eabi_bin____lib_gcc_arm_zephyr_eabi_12_2_0_include_fixed___Wl___unresolved_symbols_ignore_in_object_files__Wl___entry_0 succeeded with the following output:
Change Dir: C:/MPHome/1_Project/09_CustomPrj/NORAB106_BT_HeartRate/build/CMakeFiles/CMakeTmp

Run Build Command(s):C:/ncs/toolchains/0b393f9e1b/opt/bin/ninja.exe cmTC_c6b58 && [1/2] Building C object CMakeFiles/cmTC_c6b58.dir/src.c.obj
[2/2] Linking C executable cmTC_c6b58
arm-zephyr-eabi-gcc.exe: warning: CMakeFiles/cmTC_c6b58.dir/src.c.obj: linker input file unused because linking not done


Source file was:
int main(void) { return 0; }
